Determining if the pthread_create exist failed with the following output:
Change Dir: /uboone/app/users/sfehlber/CCInclusive_validation_test/build_slf6.x86_64/CMakeFiles/CMakeTmp

Run Build Command:"/usr/bin/gmake" "cmTC_1fca2/fast"
/usr/bin/gmake -f CMakeFiles/cmTC_1fca2.dir/build.make CMakeFiles/cmTC_1fca2.dir/build
gmake[1]: Entering directory `/uboone/app/users/sfehlber/CCInclusive_validation_test/build_slf6.x86_64/CMakeFiles/CMakeTmp'
Building C object CMakeFiles/cmTC_1fca2.dir/CheckSymbolExists.c.o
/cvmfs/larsoft.opensciencegrid.org/products/gcc/v4_9_3a/Linux64bit+2.6-2.12/bin/gcc    -o CMakeFiles/cmTC_1fca2.dir/CheckSymbolExists.c.o   -c /uboone/app/users/sfehlber/CCInclusive_validation_test/build_slf6.x86_64/CMakeFiles/CMakeTmp/CheckSymbolExists.c
Linking C executable cmTC_1fca2
/cvmfs/larsoft.opensciencegrid.org/products/cmake/v3_10_1/Linux64bit+2.6-2.12/bin/cmake -E cmake_link_script CMakeFiles/cmTC_1fca2.dir/link.txt --verbose=1
/cvmfs/larsoft.opensciencegrid.org/products/gcc/v4_9_3a/Linux64bit+2.6-2.12/bin/gcc      -rdynamic CMakeFiles/cmTC_1fca2.dir/CheckSymbolExists.c.o  -o cmTC_1fca2 
CMakeFiles/cmTC_1fca2.dir/CheckSymbolExists.c.o: In function `main':
CheckSymbolExists.c:(.text+0x16): undefined reference to `pthread_create'
collect2: error: ld returned 1 exit status
gmake[1]: *** [cmTC_1fca2] Error 1
gmake[1]: Leaving directory `/uboone/app/users/sfehlber/CCInclusive_validation_test/build_slf6.x86_64/CMakeFiles/CMakeTmp'
gmake: *** [cmTC_1fca2/fast] Error 2

File /uboone/app/users/sfehlber/CCInclusive_validation_test/build_slf6.x86_64/CMakeFiles/CMakeTmp/CheckSymbolExists.c:
/* */
#include <pthread.h>

int main(int argc, char** argv)
{
  (void)argv;
#ifndef pthread_create
  return ((int*)(&pthread_create))[argc];
#else
  (void)argc;
  return 0;
#endif
}

Determining if the function pthread_create exists in the pthreads failed with the following output:
Change Dir: /uboone/app/users/sfehlber/CCInclusive_validation_test/build_slf6.x86_64/CMakeFiles/CMakeTmp

Run Build Command:"/usr/bin/gmake" "cmTC_11804/fast"
/usr/bin/gmake -f CMakeFiles/cmTC_11804.dir/build.make CMakeFiles/cmTC_11804.dir/build
gmake[1]: Entering directory `/uboone/app/users/sfehlber/CCInclusive_validation_test/build_slf6.x86_64/CMakeFiles/CMakeTmp'
Building C object CMakeFiles/cmTC_11804.dir/CheckFunctionExists.c.o
/cvmfs/larsoft.opensciencegrid.org/products/gcc/v4_9_3a/Linux64bit+2.6-2.12/bin/gcc   -DCHECK_FUNCTION_EXISTS=pthread_create   -o CMakeFiles/cmTC_11804.dir/CheckFunctionExists.c.o   -c /cvmfs/larsoft.opensciencegrid.org/products/cmake/v3_10_1/Linux64bit+2.6-2.12/share/cmake-3.10/Modules/CheckFunctionExists.c
Linking C executable cmTC_11804
/cvmfs/larsoft.opensciencegrid.org/products/cmake/v3_10_1/Linux64bit+2.6-2.12/bin/cmake -E cmake_link_script CMakeFiles/cmTC_11804.dir/link.txt --verbose=1
/cvmfs/larsoft.opensciencegrid.org/products/gcc/v4_9_3a/Linux64bit+2.6-2.12/bin/gcc  -DCHECK_FUNCTION_EXISTS=pthread_create    -rdynamic CMakeFiles/cmTC_11804.dir/CheckFunctionExists.c.o  -o cmTC_11804 -lpthreads 
/usr/bin/ld: cannot find -lpthreads
collect2: error: ld returned 1 exit status
gmake[1]: *** [cmTC_11804] Error 1
gmake[1]: Leaving directory `/uboone/app/users/sfehlber/CCInclusive_validation_test/build_slf6.x86_64/CMakeFiles/CMakeTmp'
gmake: *** [cmTC_11804/fast] Error 2


